CRITICAL - 2022-12-12 10:20:19 --> Unable to connect to the database.
#0 C:\Users\Alwi Fachri\Downloads\Compressed\login-register-CodeIgniter4-master\system\Database\BaseConnection.php(646): CodeIgniter\Database\BaseConnection->initialize()
#1 C:\Users\Alwi Fachri\Downloads\Compressed\login-register-CodeIgniter4-master\system\Database\BaseBuilder.php(1860): CodeIgniter\Database\BaseConnection->query('SELECT 1\nFROM `...', Array, false)
#2 C:\Users\Alwi Fachri\Downloads\Compressed\login-register-CodeIgniter4-master\system\Validation\Rules.php(240): CodeIgniter\Database\BaseBuilder->get()
#3 C:\Users\Alwi Fachri\Downloads\Compressed\login-register-CodeIgniter4-master\system\Validation\Validation.php(325): CodeIgniter\Validation\Rules->is_unique('alwifachri@yaho...', 'user_email', Array, NULL)
#4 C:\Users\Alwi Fachri\Downloads\Compressed\login-register-CodeIgniter4-master\system\Validation\Validation.php(189): CodeIgniter\Validation\Validation->processRules('email', 'email', 'alwifachri@yaho...', Array, Array)
#5 C:\Users\Alwi Fachri\Downloads\Compressed\login-register-CodeIgniter4-master\system\Controller.php(219): CodeIgniter\Validation\Validation->run()
#6 C:\Users\Alwi Fachri\Downloads\Compressed\login-register-CodeIgniter4-master\app\Controllers\Register.php(28): CodeIgniter\Controller->validate(Array)
#7 C:\Users\Alwi Fachri\Downloads\Compressed\login-register-CodeIgniter4-master\system\CodeIgniter.php(918): App\Controllers\Register->save()
#8 C:\Users\Alwi Fachri\Downloads\Compressed\login-register-CodeIgniter4-master\system\CodeIgniter.php(404): CodeIgniter\CodeIgniter->runController(Object(App\Controllers\Register))
#9 C:\Users\Alwi Fachri\Downloads\Compressed\login-register-CodeIgniter4-master\system\CodeIgniter.php(312): CodeIgniter\CodeIgniter->handleRequest(NULL, Object(Config\Cache), false)
#10 C:\Users\Alwi Fachri\Downloads\Compressed\login-register-CodeIgniter4-master\public\index.php(45): CodeIgniter\CodeIgniter->run()
#11 C:\Users\Alwi Fachri\Downloads\Compressed\login-register-CodeIgniter4-master\system\Commands\Server\rewrite.php(34): require_once('C:\\Users\\Alwi F...')
#12 {main}
CRITICAL - 2022-12-12 10:39:35 --> Table 'toastbread.users' doesn't exist
#0 C:\Users\Alwi Fachri\Downloads\Compressed\login-register-CodeIgniter4-master\system\Database\MySQLi\Connection.php(331): mysqli->query('SELECT 1\nFROM `...')
#1 C:\Users\Alwi Fachri\Downloads\Compressed\login-register-CodeIgniter4-master\system\Database\BaseConnection.php(741): CodeIgniter\Database\MySQLi\Connection->execute('SELECT 1\nFROM `...')
#2 C:\Users\Alwi Fachri\Downloads\Compressed\login-register-CodeIgniter4-master\system\Database\BaseConnection.php(669): CodeIgniter\Database\BaseConnection->simpleQuery('SELECT 1\nFROM `...')
#3 C:\Users\Alwi Fachri\Downloads\Compressed\login-register-CodeIgniter4-master\system\Database\BaseBuilder.php(1860): CodeIgniter\Database\BaseConnection->query('SELECT 1\nFROM `...', Array, false)
#4 C:\Users\Alwi Fachri\Downloads\Compressed\login-register-CodeIgniter4-master\system\Validation\Rules.php(240): CodeIgniter\Database\BaseBuilder->get()
#5 C:\Users\Alwi Fachri\Downloads\Compressed\login-register-CodeIgniter4-master\system\Validation\Validation.php(325): CodeIgniter\Validation\Rules->is_unique('alwifachri@yaho...', 'user_email', Array, NULL)
#6 C:\Users\Alwi Fachri\Downloads\Compressed\login-register-CodeIgniter4-master\system\Validation\Validation.php(189): CodeIgniter\Validation\Validation->processRules('email', 'email', 'alwifachri@yaho...', Array, Array)
#7 C:\Users\Alwi Fachri\Downloads\Compressed\login-register-CodeIgniter4-master\system\Controller.php(219): CodeIgniter\Validation\Validation->run()
#8 C:\Users\Alwi Fachri\Downloads\Compressed\login-register-CodeIgniter4-master\app\Controllers\Register.php(32): CodeIgniter\Controller->validate(Array)
#9 C:\Users\Alwi Fachri\Downloads\Compressed\login-register-CodeIgniter4-master\system\CodeIgniter.php(918): App\Controllers\Register->save()
#10 C:\Users\Alwi Fachri\Downloads\Compressed\login-register-CodeIgniter4-master\system\CodeIgniter.php(404): CodeIgniter\CodeIgniter->runController(Object(App\Controllers\Register))
#11 C:\Users\Alwi Fachri\Downloads\Compressed\login-register-CodeIgniter4-master\system\CodeIgniter.php(312): CodeIgniter\CodeIgniter->handleRequest(NULL, Object(Config\Cache), false)
#12 C:\Users\Alwi Fachri\Downloads\Compressed\login-register-CodeIgniter4-master\public\index.php(45): CodeIgniter\CodeIgniter->run()
#13 C:\Users\Alwi Fachri\Downloads\Compressed\login-register-CodeIgniter4-master\system\Commands\Server\rewrite.php(34): require_once('C:\\Users\\Alwi F...')
#14 {main}
CRITICAL - 2022-12-12 10:43:30 --> Table 'toastbread.users' doesn't exist
#0 C:\Users\Alwi Fachri\Downloads\Compressed\login-register-CodeIgniter4-master\system\Database\MySQLi\Connection.php(331): mysqli->query('SELECT *\nFROM `...')
#1 C:\Users\Alwi Fachri\Downloads\Compressed\login-register-CodeIgniter4-master\system\Database\BaseConnection.php(741): CodeIgniter\Database\MySQLi\Connection->execute('SELECT *\nFROM `...')
#2 C:\Users\Alwi Fachri\Downloads\Compressed\login-register-CodeIgniter4-master\system\Database\BaseConnection.php(669): CodeIgniter\Database\BaseConnection->simpleQuery('SELECT *\nFROM `...')
#3 C:\Users\Alwi Fachri\Downloads\Compressed\login-register-CodeIgniter4-master\system\Database\BaseBuilder.php(1860): CodeIgniter\Database\BaseConnection->query('SELECT *\nFROM `...', Array, false)
#4 C:\Users\Alwi Fachri\Downloads\Compressed\login-register-CodeIgniter4-master\system\Model.php(506): CodeIgniter\Database\BaseBuilder->get()
#5 C:\Users\Alwi Fachri\Downloads\Compressed\login-register-CodeIgniter4-master\app\Controllers\Login.php(22): CodeIgniter\Model->first()
#6 C:\Users\Alwi Fachri\Downloads\Compressed\login-register-CodeIgniter4-master\system\CodeIgniter.php(918): App\Controllers\Login->auth()
#7 C:\Users\Alwi Fachri\Downloads\Compressed\login-register-CodeIgniter4-master\system\CodeIgniter.php(404): CodeIgniter\CodeIgniter->runController(Object(App\Controllers\Login))
#8 C:\Users\Alwi Fachri\Downloads\Compressed\login-register-CodeIgniter4-master\system\CodeIgniter.php(312): CodeIgniter\CodeIgniter->handleRequest(NULL, Object(Config\Cache), false)
#9 C:\Users\Alwi Fachri\Downloads\Compressed\login-register-CodeIgniter4-master\public\index.php(45): CodeIgniter\CodeIgniter->run()
#10 C:\Users\Alwi Fachri\Downloads\Compressed\login-register-CodeIgniter4-master\system\Commands\Server\rewrite.php(34): require_once('C:\\Users\\Alwi F...')
#11 {main}
CRITICAL - 2022-12-12 10:50:21 --> Table 'toastbread.users' doesn't exist
#0 C:\Users\Alwi Fachri\Downloads\Compressed\login-register-CodeIgniter4-master\system\Database\MySQLi\Connection.php(331): mysqli->query('SELECT 1\nFROM `...')
#1 C:\Users\Alwi Fachri\Downloads\Compressed\login-register-CodeIgniter4-master\system\Database\BaseConnection.php(741): CodeIgniter\Database\MySQLi\Connection->execute('SELECT 1\nFROM `...')
#2 C:\Users\Alwi Fachri\Downloads\Compressed\login-register-CodeIgniter4-master\system\Database\BaseConnection.php(669): CodeIgniter\Database\BaseConnection->simpleQuery('SELECT 1\nFROM `...')
#3 C:\Users\Alwi Fachri\Downloads\Compressed\login-register-CodeIgniter4-master\system\Database\BaseBuilder.php(1860): CodeIgniter\Database\BaseConnection->query('SELECT 1\nFROM `...', Array, false)
#4 C:\Users\Alwi Fachri\Downloads\Compressed\login-register-CodeIgniter4-master\system\Validation\Rules.php(240): CodeIgniter\Database\BaseBuilder->get()
#5 C:\Users\Alwi Fachri\Downloads\Compressed\login-register-CodeIgniter4-master\system\Validation\Validation.php(325): CodeIgniter\Validation\Rules->is_unique('alwifachri@yaho...', 'user_email', Array, NULL)
#6 C:\Users\Alwi Fachri\Downloads\Compressed\login-register-CodeIgniter4-master\system\Validation\Validation.php(189): CodeIgniter\Validation\Validation->processRules('email', 'email', 'alwifachri@yaho...', Array, Array)
#7 C:\Users\Alwi Fachri\Downloads\Compressed\login-register-CodeIgniter4-master\system\Controller.php(219): CodeIgniter\Validation\Validation->run()
#8 C:\Users\Alwi Fachri\Downloads\Compressed\login-register-CodeIgniter4-master\app\Controllers\Register.php(32): CodeIgniter\Controller->validate(Array)
#9 C:\Users\Alwi Fachri\Downloads\Compressed\login-register-CodeIgniter4-master\system\CodeIgniter.php(918): App\Controllers\Register->save()
#10 C:\Users\Alwi Fachri\Downloads\Compressed\login-register-CodeIgniter4-master\system\CodeIgniter.php(404): CodeIgniter\CodeIgniter->runController(Object(App\Controllers\Register))
#11 C:\Users\Alwi Fachri\Downloads\Compressed\login-register-CodeIgniter4-master\system\CodeIgniter.php(312): CodeIgniter\CodeIgniter->handleRequest(NULL, Object(Config\Cache), false)
#12 C:\Users\Alwi Fachri\Downloads\Compressed\login-register-CodeIgniter4-master\public\index.php(45): CodeIgniter\CodeIgniter->run()
#13 C:\Users\Alwi Fachri\Downloads\Compressed\login-register-CodeIgniter4-master\system\Commands\Server\rewrite.php(34): require_once('C:\\Users\\Alwi F...')
#14 {main}
CRITICAL - 2022-12-12 10:51:10 --> Table 'toastbread.users' doesn't exist
#0 C:\Users\Alwi Fachri\Downloads\Compressed\login-register-CodeIgniter4-master\system\Database\MySQLi\Connection.php(331): mysqli->query('SELECT 1\nFROM `...')
#1 C:\Users\Alwi Fachri\Downloads\Compressed\login-register-CodeIgniter4-master\system\Database\BaseConnection.php(741): CodeIgniter\Database\MySQLi\Connection->execute('SELECT 1\nFROM `...')
#2 C:\Users\Alwi Fachri\Downloads\Compressed\login-register-CodeIgniter4-master\system\Database\BaseConnection.php(669): CodeIgniter\Database\BaseConnection->simpleQuery('SELECT 1\nFROM `...')
#3 C:\Users\Alwi Fachri\Downloads\Compressed\login-register-CodeIgniter4-master\system\Database\BaseBuilder.php(1860): CodeIgniter\Database\BaseConnection->query('SELECT 1\nFROM `...', Array, false)
#4 C:\Users\Alwi Fachri\Downloads\Compressed\login-register-CodeIgniter4-master\system\Validation\Rules.php(240): CodeIgniter\Database\BaseBuilder->get()
#5 C:\Users\Alwi Fachri\Downloads\Compressed\login-register-CodeIgniter4-master\system\Validation\Validation.php(325): CodeIgniter\Validation\Rules->is_unique('alwifachri@yaho...', 'user_email', Array, NULL)
#6 C:\Users\Alwi Fachri\Downloads\Compressed\login-register-CodeIgniter4-master\system\Validation\Validation.php(189): CodeIgniter\Validation\Validation->processRules('email', 'email', 'alwifachri@yaho...', Array, Array)
#7 C:\Users\Alwi Fachri\Downloads\Compressed\login-register-CodeIgniter4-master\system\Controller.php(219): CodeIgniter\Validation\Validation->run()
#8 C:\Users\Alwi Fachri\Downloads\Compressed\login-register-CodeIgniter4-master\app\Controllers\Register.php(32): CodeIgniter\Controller->validate(Array)
#9 C:\Users\Alwi Fachri\Downloads\Compressed\login-register-CodeIgniter4-master\system\CodeIgniter.php(918): App\Controllers\Register->save()
#10 C:\Users\Alwi Fachri\Downloads\Compressed\login-register-CodeIgniter4-master\system\CodeIgniter.php(404): CodeIgniter\CodeIgniter->runController(Object(App\Controllers\Register))
#11 C:\Users\Alwi Fachri\Downloads\Compressed\login-register-CodeIgniter4-master\system\CodeIgniter.php(312): CodeIgniter\CodeIgniter->handleRequest(NULL, Object(Config\Cache), false)
#12 C:\Users\Alwi Fachri\Downloads\Compressed\login-register-CodeIgniter4-master\public\index.php(45): CodeIgniter\CodeIgniter->run()
#13 C:\Users\Alwi Fachri\Downloads\Compressed\login-register-CodeIgniter4-master\system\Commands\Server\rewrite.php(34): require_once('C:\\Users\\Alwi F...')
#14 {main}
CRITICAL - 2022-12-12 10:57:37 --> Table 'toastbread.users' doesn't exist
#0 C:\Users\Alwi Fachri\Downloads\Compressed\login-register-CodeIgniter4-master\system\Database\MySQLi\Connection.php(331): mysqli->query('SELECT 1\nFROM `...')
#1 C:\Users\Alwi Fachri\Downloads\Compressed\login-register-CodeIgniter4-master\system\Database\BaseConnection.php(741): CodeIgniter\Database\MySQLi\Connection->execute('SELECT 1\nFROM `...')
#2 C:\Users\Alwi Fachri\Downloads\Compressed\login-register-CodeIgniter4-master\system\Database\BaseConnection.php(669): CodeIgniter\Database\BaseConnection->simpleQuery('SELECT 1\nFROM `...')
#3 C:\Users\Alwi Fachri\Downloads\Compressed\login-register-CodeIgniter4-master\system\Database\BaseBuilder.php(1860): CodeIgniter\Database\BaseConnection->query('SELECT 1\nFROM `...', Array, false)
#4 C:\Users\Alwi Fachri\Downloads\Compressed\login-register-CodeIgniter4-master\system\Validation\Rules.php(240): CodeIgniter\Database\BaseBuilder->get()
#5 C:\Users\Alwi Fachri\Downloads\Compressed\login-register-CodeIgniter4-master\system\Validation\Validation.php(325): CodeIgniter\Validation\Rules->is_unique('alwifachri@yaho...', 'user_email', Array, NULL)
#6 C:\Users\Alwi Fachri\Downloads\Compressed\login-register-CodeIgniter4-master\system\Validation\Validation.php(189): CodeIgniter\Validation\Validation->processRules('email', 'email', 'alwifachri@yaho...', Array, Array)
#7 C:\Users\Alwi Fachri\Downloads\Compressed\login-register-CodeIgniter4-master\system\Controller.php(219): CodeIgniter\Validation\Validation->run()
#8 C:\Users\Alwi Fachri\Downloads\Compressed\login-register-CodeIgniter4-master\app\Controllers\Register.php(32): CodeIgniter\Controller->validate(Array)
#9 C:\Users\Alwi Fachri\Downloads\Compressed\login-register-CodeIgniter4-master\system\CodeIgniter.php(918): App\Controllers\Register->save()
#10 C:\Users\Alwi Fachri\Downloads\Compressed\login-register-CodeIgniter4-master\system\CodeIgniter.php(404): CodeIgniter\CodeIgniter->runController(Object(App\Controllers\Register))
#11 C:\Users\Alwi Fachri\Downloads\Compressed\login-register-CodeIgniter4-master\system\CodeIgniter.php(312): CodeIgniter\CodeIgniter->handleRequest(NULL, Object(Config\Cache), false)
#12 C:\Users\Alwi Fachri\Downloads\Compressed\login-register-CodeIgniter4-master\public\index.php(45): CodeIgniter\CodeIgniter->run()
#13 C:\Users\Alwi Fachri\Downloads\Compressed\login-register-CodeIgniter4-master\system\Commands\Server\rewrite.php(34): require_once('C:\\Users\\Alwi F...')
#14 {main}
CRITICAL - 2022-12-12 11:08:28 --> Unknown column 'user_email' in 'where clause'
#0 C:\Users\Alwi Fachri\Downloads\Compressed\login-register-CodeIgniter4-master\system\Database\MySQLi\Connection.php(331): mysqli->query('SELECT 1\nFROM `...')
#1 C:\Users\Alwi Fachri\Downloads\Compressed\login-register-CodeIgniter4-master\system\Database\BaseConnection.php(741): CodeIgniter\Database\MySQLi\Connection->execute('SELECT 1\nFROM `...')
#2 C:\Users\Alwi Fachri\Downloads\Compressed\login-register-CodeIgniter4-master\system\Database\BaseConnection.php(669): CodeIgniter\Database\BaseConnection->simpleQuery('SELECT 1\nFROM `...')
#3 C:\Users\Alwi Fachri\Downloads\Compressed\login-register-CodeIgniter4-master\system\Database\BaseBuilder.php(1860): CodeIgniter\Database\BaseConnection->query('SELECT 1\nFROM `...', Array, false)
#4 C:\Users\Alwi Fachri\Downloads\Compressed\login-register-CodeIgniter4-master\system\Validation\Rules.php(240): CodeIgniter\Database\BaseBuilder->get()
#5 C:\Users\Alwi Fachri\Downloads\Compressed\login-register-CodeIgniter4-master\system\Validation\Validation.php(325): CodeIgniter\Validation\Rules->is_unique('alwifachri@yaho...', 'user_email', Array, NULL)
#6 C:\Users\Alwi Fachri\Downloads\Compressed\login-register-CodeIgniter4-master\system\Validation\Validation.php(189): CodeIgniter\Validation\Validation->processRules('email', 'email', 'alwifachri@yaho...', Array, Array)
#7 C:\Users\Alwi Fachri\Downloads\Compressed\login-register-CodeIgniter4-master\system\Controller.php(219): CodeIgniter\Validation\Validation->run()
#8 C:\Users\Alwi Fachri\Downloads\Compressed\login-register-CodeIgniter4-master\app\Controllers\Register.php(32): CodeIgniter\Controller->validate(Array)
#9 C:\Users\Alwi Fachri\Downloads\Compressed\login-register-CodeIgniter4-master\system\CodeIgniter.php(918): App\Controllers\Register->save()
#10 C:\Users\Alwi Fachri\Downloads\Compressed\login-register-CodeIgniter4-master\system\CodeIgniter.php(404): CodeIgniter\CodeIgniter->runController(Object(App\Controllers\Register))
#11 C:\Users\Alwi Fachri\Downloads\Compressed\login-register-CodeIgniter4-master\system\CodeIgniter.php(312): CodeIgniter\CodeIgniter->handleRequest(NULL, Object(Config\Cache), false)
#12 C:\Users\Alwi Fachri\Downloads\Compressed\login-register-CodeIgniter4-master\public\index.php(45): CodeIgniter\CodeIgniter->run()
#13 C:\Users\Alwi Fachri\Downloads\Compressed\login-register-CodeIgniter4-master\system\Commands\Server\rewrite.php(34): require_once('C:\\Users\\Alwi F...')
#14 {main}
CRITICAL - 2022-12-12 11:09:39 --> Unknown column 'user_email' in 'where clause'
#0 C:\Users\Alwi Fachri\Downloads\Compressed\login-register-CodeIgniter4-master\system\Database\MySQLi\Connection.php(331): mysqli->query('SELECT 1\nFROM `...')
#1 C:\Users\Alwi Fachri\Downloads\Compressed\login-register-CodeIgniter4-master\system\Database\BaseConnection.php(741): CodeIgniter\Database\MySQLi\Connection->execute('SELECT 1\nFROM `...')
#2 C:\Users\Alwi Fachri\Downloads\Compressed\login-register-CodeIgniter4-master\system\Database\BaseConnection.php(669): CodeIgniter\Database\BaseConnection->simpleQuery('SELECT 1\nFROM `...')
#3 C:\Users\Alwi Fachri\Downloads\Compressed\login-register-CodeIgniter4-master\system\Database\BaseBuilder.php(1860): CodeIgniter\Database\BaseConnection->query('SELECT 1\nFROM `...', Array, false)
#4 C:\Users\Alwi Fachri\Downloads\Compressed\login-register-CodeIgniter4-master\system\Validation\Rules.php(240): CodeIgniter\Database\BaseBuilder->get()
#5 C:\Users\Alwi Fachri\Downloads\Compressed\login-register-CodeIgniter4-master\system\Validation\Validation.php(325): CodeIgniter\Validation\Rules->is_unique('alwifachri@yaho...', 'user_email', Array, NULL)
#6 C:\Users\Alwi Fachri\Downloads\Compressed\login-register-CodeIgniter4-master\system\Validation\Validation.php(189): CodeIgniter\Validation\Validation->processRules('email', 'email', 'alwifachri@yaho...', Array, Array)
#7 C:\Users\Alwi Fachri\Downloads\Compressed\login-register-CodeIgniter4-master\system\Controller.php(219): CodeIgniter\Validation\Validation->run()
#8 C:\Users\Alwi Fachri\Downloads\Compressed\login-register-CodeIgniter4-master\app\Controllers\Register.php(32): CodeIgniter\Controller->validate(Array)
#9 C:\Users\Alwi Fachri\Downloads\Compressed\login-register-CodeIgniter4-master\system\CodeIgniter.php(918): App\Controllers\Register->save()
#10 C:\Users\Alwi Fachri\Downloads\Compressed\login-register-CodeIgniter4-master\system\CodeIgniter.php(404): CodeIgniter\CodeIgniter->runController(Object(App\Controllers\Register))
#11 C:\Users\Alwi Fachri\Downloads\Compressed\login-register-CodeIgniter4-master\system\CodeIgniter.php(312): CodeIgniter\CodeIgniter->handleRequest(NULL, Object(Config\Cache), false)
#12 C:\Users\Alwi Fachri\Downloads\Compressed\login-register-CodeIgniter4-master\public\index.php(45): CodeIgniter\CodeIgniter->run()
#13 C:\Users\Alwi Fachri\Downloads\Compressed\login-register-CodeIgniter4-master\system\Commands\Server\rewrite.php(34): require_once('C:\\Users\\Alwi F...')
#14 {main}
CRITICAL - 2022-12-12 11:14:07 --> Unknown column 'user_email' in 'where clause'
#0 C:\Users\Alwi Fachri\Downloads\Compressed\login-register-CodeIgniter4-master\system\Database\MySQLi\Connection.php(331): mysqli->query('SELECT 1\nFROM `...')
#1 C:\Users\Alwi Fachri\Downloads\Compressed\login-register-CodeIgniter4-master\system\Database\BaseConnection.php(741): CodeIgniter\Database\MySQLi\Connection->execute('SELECT 1\nFROM `...')
#2 C:\Users\Alwi Fachri\Downloads\Compressed\login-register-CodeIgniter4-master\system\Database\BaseConnection.php(669): CodeIgniter\Database\BaseConnection->simpleQuery('SELECT 1\nFROM `...')
#3 C:\Users\Alwi Fachri\Downloads\Compressed\login-register-CodeIgniter4-master\system\Database\BaseBuilder.php(1860): CodeIgniter\Database\BaseConnection->query('SELECT 1\nFROM `...', Array, false)
#4 C:\Users\Alwi Fachri\Downloads\Compressed\login-register-CodeIgniter4-master\system\Validation\Rules.php(240): CodeIgniter\Database\BaseBuilder->get()
#5 C:\Users\Alwi Fachri\Downloads\Compressed\login-register-CodeIgniter4-master\system\Validation\Validation.php(325): CodeIgniter\Validation\Rules->is_unique('alwifachri@yaho...', 'user_email', Array, NULL)
#6 C:\Users\Alwi Fachri\Downloads\Compressed\login-register-CodeIgniter4-master\system\Validation\Validation.php(189): CodeIgniter\Validation\Validation->processRules('email', 'email', 'alwifachri@yaho...', Array, Array)
#7 C:\Users\Alwi Fachri\Downloads\Compressed\login-register-CodeIgniter4-master\system\Controller.php(219): CodeIgniter\Validation\Validation->run()
#8 C:\Users\Alwi Fachri\Downloads\Compressed\login-register-CodeIgniter4-master\app\Controllers\Register.php(32): CodeIgniter\Controller->validate(Array)
#9 C:\Users\Alwi Fachri\Downloads\Compressed\login-register-CodeIgniter4-master\system\CodeIgniter.php(918): App\Controllers\Register->save()
#10 C:\Users\Alwi Fachri\Downloads\Compressed\login-register-CodeIgniter4-master\system\CodeIgniter.php(404): CodeIgniter\CodeIgniter->runController(Object(App\Controllers\Register))
#11 C:\Users\Alwi Fachri\Downloads\Compressed\login-register-CodeIgniter4-master\system\CodeIgniter.php(312): CodeIgniter\CodeIgniter->handleRequest(NULL, Object(Config\Cache), false)
#12 C:\Users\Alwi Fachri\Downloads\Compressed\login-register-CodeIgniter4-master\public\index.php(45): CodeIgniter\CodeIgniter->run()
#13 C:\Users\Alwi Fachri\Downloads\Compressed\login-register-CodeIgniter4-master\system\Commands\Server\rewrite.php(34): require_once('C:\\Users\\Alwi F...')
#14 {main}
CRITICAL - 2022-12-12 11:14:24 --> Unknown column 'user_email' in 'where clause'
#0 C:\Users\Alwi Fachri\Downloads\Compressed\login-register-CodeIgniter4-master\system\Database\MySQLi\Connection.php(331): mysqli->query('SELECT 1\nFROM `...')
#1 C:\Users\Alwi Fachri\Downloads\Compressed\login-register-CodeIgniter4-master\system\Database\BaseConnection.php(741): CodeIgniter\Database\MySQLi\Connection->execute('SELECT 1\nFROM `...')
#2 C:\Users\Alwi Fachri\Downloads\Compressed\login-register-CodeIgniter4-master\system\Database\BaseConnection.php(669): CodeIgniter\Database\BaseConnection->simpleQuery('SELECT 1\nFROM `...')
#3 C:\Users\Alwi Fachri\Downloads\Compressed\login-register-CodeIgniter4-master\system\Database\BaseBuilder.php(1860): CodeIgniter\Database\BaseConnection->query('SELECT 1\nFROM `...', Array, false)
#4 C:\Users\Alwi Fachri\Downloads\Compressed\login-register-CodeIgniter4-master\system\Validation\Rules.php(240): CodeIgniter\Database\BaseBuilder->get()
#5 C:\Users\Alwi Fachri\Downloads\Compressed\login-register-CodeIgniter4-master\system\Validation\Validation.php(325): CodeIgniter\Validation\Rules->is_unique('alwifachri@yaho...', 'user_email', Array, NULL)
#6 C:\Users\Alwi Fachri\Downloads\Compressed\login-register-CodeIgniter4-master\system\Validation\Validation.php(189): CodeIgniter\Validation\Validation->processRules('email', 'email', 'alwifachri@yaho...', Array, Array)
#7 C:\Users\Alwi Fachri\Downloads\Compressed\login-register-CodeIgniter4-master\system\Controller.php(219): CodeIgniter\Validation\Validation->run()
#8 C:\Users\Alwi Fachri\Downloads\Compressed\login-register-CodeIgniter4-master\app\Controllers\Register.php(32): CodeIgniter\Controller->validate(Array)
#9 C:\Users\Alwi Fachri\Downloads\Compressed\login-register-CodeIgniter4-master\system\CodeIgniter.php(918): App\Controllers\Register->save()
#10 C:\Users\Alwi Fachri\Downloads\Compressed\login-register-CodeIgniter4-master\system\CodeIgniter.php(404): CodeIgniter\CodeIgniter->runController(Object(App\Controllers\Register))
#11 C:\Users\Alwi Fachri\Downloads\Compressed\login-register-CodeIgniter4-master\system\CodeIgniter.php(312): CodeIgniter\CodeIgniter->handleRequest(NULL, Object(Config\Cache), false)
#12 C:\Users\Alwi Fachri\Downloads\Compressed\login-register-CodeIgniter4-master\public\index.php(45): CodeIgniter\CodeIgniter->run()
#13 C:\Users\Alwi Fachri\Downloads\Compressed\login-register-CodeIgniter4-master\system\Commands\Server\rewrite.php(34): require_once('C:\\Users\\Alwi F...')
#14 {main}
